#
# A fatal error has been detected by the Java Runtime Environment:
#
#  EXCEPTION_ACCESS_VIOLATION (0xc0000005) at pc=0x000000006d93aceb, pid=4192, tid=2820
#
# JRE version: 6.0_25-b06
# Java VM: Java HotSpot(TM) 64-Bit Server VM (20.0-b11 mixed mode windows-amd64 compressed oops)
# Problematic frame:
# V  [jvm.dll+0x14aceb]
#
# If you would like to submit a bug report, please visit:
#   http://java.sun.com/webapps/bugreport/crash.jsp
#

---------------  T H R E A D  ---------------

Current thread (0x00000000066b4000):  JavaThread "JDWP Transport Listener: dt_socket" daemon [_thread_in_vm, id=2820, stack(0x0000000007100000,0x0000000007200000)]

siginfo: ExceptionCode=0xc0000005, reading address 0xffffffffffffffff

Registers:
RAX=0x00000000071ff901, RBX=0x00000000066b4000, RCX=0xa1010000d1000000, RDX=0x00000000066b4000
RSP=0x00000000071ff960, RBP=0xa1010000d1000000, RSI=0x00000000071ffa40, RDI=0x00000000005c8880
R8 =0x00000000071ffa40, R9 =0x0000000000000001, R10=0x0000000000000000, R11=0x0000000006845c9a
R12=0x0000000000000001, R13=0x0000000000000000, R14=0x0000000000000000, R15=0x0000000000000000
RIP=0x000000006d93aceb, EFLAGS=0x0000000000010286

Top of Stack: (sp=0x00000000071ff960)
0x00000000071ff960:   0000000000000000 000000006d4454d3
0x00000000071ff970:   00000000071ffb70 000000006dafb485
0x00000000071ff980:   00000000066b4000 000000006db1a6fa
0x00000000071ff990:   0000000000000000 00000000066b4000
0x00000000071ff9a0:   00000000071ffa40 000000006d440d69
0x00000000071ff9b0:   00000000066b4000 0000000000000000
0x00000000071ff9c0:   0000000000000000 0000000000000000
0x00000000071ff9d0:   0000000000000001 000000006d43ff6e
0x00000000071ff9e0:   00000000071ffa40 00000000004f9ac0
0x00000000071ff9f0:   0000000000000001 a1010000d1000000
0x00000000071ffa00:   0000000000000001 a1010000d1000000
0x00000000071ffa10:   00000000071ffb70 000000006d424f64
0x00000000071ffa20:   00000000071ffb70 480a650609000000
0x00000000071ffa30:   0000000006792520 0000000000000000
0x00000000071ffa40:   00000009071ffb00 0000000000000000
0x00000000071ffa50:   0000000000000000 0000000000000000 

Instructions: (pc=0x000000006d93aceb)
0x000000006d93accb:   7c 24 48 48 83 c4 28 c3 cc cc cc cc cc cc cc cc
0x000000006d93acdb:   cc cc cc cc cc 48 53 48 83 ec 20 48 85 c9 74 55
0x000000006d93aceb:   48 8b 19 48 85 db 74 4d 48 b8 fe fe fe fe fe fe
0x000000006d93acfb:   fe fe 48 3b d8 74 3e 80 3d 57 fb 5e 00 00 74 16 


Register to memory mapping:

RAX=0x00000000071ff901 is pointing into the stack for thread: 0x00000000066b4000
RBX=0x00000000066b4000 is a thread
RCX=0xa1010000d1000000 is an unknown value
RDX=0x00000000066b4000 is a thread
RSP=0x00000000071ff960 is pointing into the stack for thread: 0x00000000066b4000
RBP=0xa1010000d1000000 is an unknown value
RSI=0x00000000071ffa40 is pointing into the stack for thread: 0x00000000066b4000
RDI=0x00000000005c8880 is an unknown value
R8 =0x00000000071ffa40 is pointing into the stack for thread: 0x00000000066b4000
R9 =0x0000000000000001 is an unknown value
R10=0x0000000000000000 is an unknown value
R11=0x0000000006845c9a is an unknown value
R12=0x0000000000000001 is an unknown value
R13=0x0000000000000000 is an unknown value
R14=0x0000000000000000 is an unknown value
R15=0x0000000000000000 is an unknown value


Stack: [0x0000000007100000,0x0000000007200000],  sp=0x00000000071ff960,  free space=1022k
Native frames: (J=compiled Java code, j=interpreted, Vv=VM code, C=native code)
V  [jvm.dll+0x14aceb]

[error occurred during error reporting (printing native stack), id 0xc0000005]


---------------  P R O C E S S  ---------------

Java Threads: ( => current thread )
  0x00000000066d1000 JavaThread "Low Memory Detector" daemon [_thread_blocked, id=4312, stack(0x00000000076c0000,0x00000000077c0000)]
  0x00000000066c8800 JavaThread "C2 CompilerThread1" daemon [_thread_blocked, id=4912, stack(0x00000000075c0000,0x00000000076c0000)]
  0x00000000066c2000 JavaThread "C2 CompilerThread0" daemon [_thread_blocked, id=1536, stack(0x00000000074c0000,0x00000000075c0000)]
  0x00000000066c1000 JavaThread "JDWP Command Reader" daemon [_thread_in_native, id=4112, stack(0x00000000073c0000,0x00000000074c0000)]
  0x00000000066b6000 JavaThread "JDWP Event Helper Thread" daemon [_thread_blocked, id=4236, stack(0x00000000072c0000,0x00000000073c0000)]
=>0x00000000066b4000 JavaThread "JDWP Transport Listener: dt_socket" daemon [_thread_in_vm, id=2820, stack(0x0000000007100000,0x0000000007200000)]
  0x00000000066a6000 JavaThread "Attach Listener" daemon [_thread_blocked, id=4840, stack(0x0000000006950000,0x0000000006a50000)]
  0x00000000066a0800 JavaThread "Signal Dispatcher" daemon [_thread_blocked, id=3400, stack(0x0000000006850000,0x0000000006950000)]
  0x000000000052c000 JavaThread "Finalizer" daemon [_thread_blocked, id=2484, stack(0x0000000006550000,0x0000000006650000)]
  0x0000000000525000 JavaThread "Reference Handler" daemon [_thread_blocked, id=2656, stack(0x0000000006450000,0x0000000006550000)]
  0x00000000005cb800 JavaThread "main" [_thread_blocked, id=4668, stack(0x00000000025b0000,0x00000000026b0000)]

Other Threads:
  0x000000000051d800 VMThread [stack: 0x0000000006350000,0x0000000006450000] [id=2436]
  0x00000000066f3000 WatcherThread [stack: 0x00000000077c0000,0x00000000078c0000] [id=3804]

VM state:not at safepoint (normal execution)

VM Mutex/Monitor currently owned by a thread: None

Heap
 PSYoungGen      total 17600K, used 1209K [0x00000000ec600000, 0x00000000ed9a0000, 0x0000000100000000)
  eden space 15104K, 8% used [0x00000000ec600000,0x00000000ec72e4d0,0x00000000ed4c0000)
  from space 2496K, 0% used [0x00000000ed730000,0x00000000ed730000,0x00000000ed9a0000)
  to   space 2496K, 0% used [0x00000000ed4c0000,0x00000000ed4c0000,0x00000000ed730000)
 PSOldGen        total 40192K, used 0K [0x00000000c5200000, 0x00000000c7940000, 0x00000000ec600000)
  object space 40192K, 0% used [0x00000000c5200000,0x00000000c5200000,0x00000000c7940000)
 PSPermGen       total 21248K, used 4512K [0x00000000c0000000, 0x00000000c14c0000, 0x00000000c5200000)
  object space 21248K, 21% used [0x00000000c0000000,0x00000000c04680f0,0x00000000c14c0000)

Code Cache  [0x00000000026b0000, 0x0000000002920000, 0x00000000056b0000)
 total_blobs=178 nmethods=8 adapters=132 free_code_cache=49927168 largest_free_block=17920

Dynamic libraries:
0x0000000000400000 - 0x000000000042e000 	C:\Program Files\Java\jre6\bin\javaw.exe
0x00000000773e0000 - 0x000000007758c000 	C:\Windows\SYSTEM32\ntdll.dll
0x0000000076e60000 - 0x0000000076f7f000 	C:\Windows\system32\kernel32.dll
0x000007fefdbb0000 - 0x000007fefdc1b000 	C:\Windows\system32\KERNELBASE.dll
0x000007feff610000 - 0x000007feff6eb000 	C:\Windows\system32\ADVAPI32.dll
0x000007fefdf60000 - 0x000007fefdfff000 	C:\Windows\system32\msvcrt.dll
0x000007fefe090000 - 0x000007fefe0af000 	C:\Windows\SYSTEM32\sechost.dll
0x000007fefde30000 - 0x000007fefdf5e000 	C:\Windows\system32\RPCRT4.dll
0x0000000077190000 - 0x000000007728a000 	C:\Windows\system32\USER32.dll
0x000007fefe570000 - 0x000007fefe5d7000 	C:\Windows\system32\GDI32.dll
0x000007fefe5e0000 - 0x000007fefe5ee000 	C:\Windows\system32\LPK.dll
0x000007fefe340000 - 0x000007fefe40a000 	C:\Windows\system32\USP10.dll
0x000007fefdc20000 - 0x000007fefdc4e000 	C:\Windows\system32\IMM32.DLL
0x000007fefe460000 - 0x000007fefe569000 	C:\Windows\system32\MSCTF.dll
0x000000006d7f0000 - 0x000000006dfa8000 	C:\Program Files\Java\jre6\bin\server\jvm.dll
0x000007fef7100000 - 0x000007fef713b000 	C:\Windows\system32\WINMM.dll
0x000000006d760000 - 0x000000006d76e000 	C:\Program Files\Java\jre6\bin\verify.dll
0x000000006d3b0000 - 0x000000006d3d7000 	C:\Program Files\Java\jre6\bin\java.dll
0x00000000775a0000 - 0x00000000775a7000 	C:\Windows\system32\PSAPI.DLL
0x000000006d420000 - 0x000000006d454000 	C:\Program Files\Java\jre6\bin\jdwp.dll
0x000000006d630000 - 0x000000006d638000 	C:\Program Files\Java\jre6\bin\npt.dll
0x000000006d7b0000 - 0x000000006d7c2000 	C:\Program Files\Java\jre6\bin\zip.dll
0x000000006d270000 - 0x000000006d279000 	C:\Program Files\Java\jre6\bin\dt_socket.dll
0x000007fefe410000 - 0x000007fefe45d000 	C:\Windows\system32\WS2_32.dll
0x000007fefe080000 - 0x000007fefe088000 	C:\Windows\system32\NSI.dll
0x000007fefbd40000 - 0x000007fefbd55000 	C:\Windows\system32\NLAapi.dll
0x000007fefd0c0000 - 0x000007fefd114000 	C:\Windows\System32\mswsock.dll
0x000007fefcf40000 - 0x000007fefcf9b000 	C:\Windows\system32\DNSAPI.dll
0x000007fef6c10000 - 0x000007fef6c1b000 	C:\Windows\System32\winrnr.dll
0x000007fef6bf0000 - 0x000007fef6c05000 	C:\Windows\system32\napinsp.dll
0x000007fef6bd0000 - 0x000007fef6be9000 	C:\Windows\system32\pnrpnsp.dll
0x000007fef6bc0000 - 0x000007fef6bd0000 	C:\Windows\system32\wshbth.dll
0x00000000725d0000 - 0x00000000725fe000 	C:\Program Files\Common Files\Microsoft Shared\Windows Live\WLIDNSP.DLL
0x000007fefe0b0000 - 0x000007fefe121000 	C:\Windows\system32\SHLWAPI.dll
0x00000000725a0000 - 0x00000000725c6000 	C:\Program Files\Bonjour\mdnsNSP.dll
0x000007fefa9f0000 - 0x000007fefaa17000 	C:\Windows\system32\Iphlpapi.DLL
0x000007fefa9e0000 - 0x000007fefa9eb000 	C:\Windows\system32\WINNSI.DLL
0x000007fefa8d0000 - 0x000007fefa923000 	C:\Windows\System32\fwpuclnt.dll
0x000007fef8660000 - 0x000007fef8668000 	C:\Windows\system32\rasadhlp.dll
0x000007fefca90000 - 0x000007fefca97000 	C:\Windows\System32\wshtcpip.dll
0x000007fef71a0000 - 0x000007fef72c5000 	C:\Windows\system32\dbghelp.dll

VM Arguments:
jvm_args: -agentlib:jdwp=transport=dt_socket,suspend=y,address=localhost:57549 -Dfile.encoding=Cp1252 
java_command: simPLvm.simpl test
Launcher Type: SUN_STANDARD

Environment Variables:
CLASSPATH=.;C:\Program Files (x86)\Java\jre6\lib\ext\QTJava.zip
PATH=C:\Program Files\Common Files\Microsoft Shared\Windows Live;C:\Windows\system32;C:\Windows;C:\Windows\System32\Wbem;C:\Windows\System32\WindowsPowerShell\v1.0\;C:\Program Files (x86)\ATI Technologies\ATI.ACE\Core-Static;C:\Program Files (x86)\Common Files\Acronis\SnapAPI\;C:\Program Files (x86)\QuickTime\QTSystem\;C:\Program Files\Common Files\Microsoft Shared\Windows Live;C:\Program Files (x86)\SSH Communications Security\SSH Secure Shell;C:\Program Files (x86)\OpenVPN\bin
USERNAME=Jayden
OS=Windows_NT
PROCESSOR_IDENTIFIER=Intel64 Family 6 Model 37 Stepping 5, GenuineIntel



---------------  S Y S T E M  ---------------

OS: Windows 7 Build 7600 

CPU:total 4 (2 cores per cpu, 2 threads per core) family 6 model 37 stepping 5, cmov, cx8, fxsr, mmx, sse, sse2, sse3, ssse3, sse4.1, sse4.2, popcnt, ht

Memory: 4k page, physical 3854772k(2247176k free), swap 7707644k(5707496k free)

vm_info: Java HotSpot(TM) 64-Bit Server VM (20.0-b11) for windows-amd64 JRE (1.6.0_25-b06), built on Apr 14 2011 00:44:38 by "java_re" with MS VC++ 8.0 (VS2005)

time: Wed Feb 29 20:43:19 2012
elapsed time: 5266 seconds

